  glad.c
  main.cpp
e:\108065466_hw3\openglframework-vs2017\main.cpp(303): warning C4244: “参数”: 从“double”转换到“float”，可能丢失数据
e:\108065466_hw3\openglframework-vs2017\main.cpp(437): warning C4267: “=”: 从“size_t”转换到“int”，可能丢失数据
e:\108065466_hw3\openglframework-vs2017\main.cpp(507): warning C4244: “-=”: 从“double”转换到“float”，可能丢失数据
e:\108065466_hw3\openglframework-vs2017\main.cpp(512): warning C4244: “+=”: 从“double”转换到“float”，可能丢失数据
e:\108065466_hw3\openglframework-vs2017\main.cpp(517): warning C4244: “+=”: 从“double”转换到“float”，可能丢失数据
e:\108065466_hw3\openglframework-vs2017\main.cpp(522): warning C4244: “+=”: 从“double”转换到“float”，可能丢失数据
e:\108065466_hw3\openglframework-vs2017\main.cpp(525): warning C4244: “+=”: 从“double”转换到“float”，可能丢失数据
e:\108065466_hw3\openglframework-vs2017\main.cpp(528): warning C4244: “+=”: 从“double”转换到“float”，可能丢失数据
e:\108065466_hw3\openglframework-vs2017\main.cpp(572): warning C4244: “初始化”: 从“int”转换到“float”，可能丢失数据
e:\108065466_hw3\openglframework-vs2017\main.cpp(573): warning C4244: “初始化”: 从“int”转换到“float”，可能丢失数据
e:\108065466_hw3\openglframework-vs2017\main.cpp(579): warning C4244: “+=”: 从“double”转换到“float”，可能丢失数据
e:\108065466_hw3\openglframework-vs2017\main.cpp(580): warning C4244: “+=”: 从“double”转换到“float”，可能丢失数据
e:\108065466_hw3\openglframework-vs2017\main.cpp(585): warning C4244: “+=”: 从“double”转换到“float”，可能丢失数据
e:\108065466_hw3\openglframework-vs2017\main.cpp(586): warning C4244: “-=”: 从“double”转换到“float”，可能丢失数据
e:\108065466_hw3\openglframework-vs2017\main.cpp(591): warning C4244: “+=”: 从“double”转换到“float”，可能丢失数据
e:\108065466_hw3\openglframework-vs2017\main.cpp(592): warning C4244: “+=”: 从“double”转换到“float”，可能丢失数据
e:\108065466_hw3\openglframework-vs2017\main.cpp(597): warning C4244: “+=”: 从“double”转换到“float”，可能丢失数据
e:\108065466_hw3\openglframework-vs2017\main.cpp(598): warning C4244: “+=”: 从“double”转换到“float”，可能丢失数据
e:\108065466_hw3\openglframework-vs2017\main.cpp(601): warning C4244: “+=”: 从“double”转换到“float”，可能丢失数据
e:\108065466_hw3\openglframework-vs2017\main.cpp(602): warning C4244: “+=”: 从“double”转换到“float”，可能丢失数据
e:\108065466_hw3\openglframework-vs2017\main.cpp(605): warning C4244: “+=”: 从“double”转换到“float”，可能丢失数据
e:\108065466_hw3\openglframework-vs2017\main.cpp(606): warning C4244: “+=”: 从“double”转换到“float”，可能丢失数据
e:\108065466_hw3\openglframework-vs2017\main.cpp(612): warning C4244: “+=”: 从“double”转换到“float”，可能丢失数据
e:\108065466_hw3\openglframework-vs2017\main.cpp(613): warning C4244: “+=”: 从“double”转换到“float”，可能丢失数据
e:\108065466_hw3\openglframework-vs2017\main.cpp(617): warning C4244: “+=”: 从“double”转换到“float”，可能丢失数据
e:\108065466_hw3\openglframework-vs2017\main.cpp(618): warning C4244: “+=”: 从“double”转换到“float”，可能丢失数据
e:\108065466_hw3\openglframework-vs2017\main.cpp(622): warning C4244: “+=”: 从“double”转换到“float”，可能丢失数据
e:\108065466_hw3\openglframework-vs2017\main.cpp(623): warning C4244: “+=”: 从“double”转换到“float”，可能丢失数据
e:\108065466_hw3\openglframework-vs2017\main.cpp(901): warning C4267: “=”: 从“size_t”转换到“int”，可能丢失数据
e:\108065466_hw3\openglframework-vs2017\main.cpp(967): warning C4477: “printf”: 格式字符串“%d”需要类型“int”的参数，但可变参数 1 拥有了类型“unsigned __int64”
  e:\108065466_hw3\openglframework-vs2017\main.cpp(967): note: 请考虑在格式字符串中使用“%zd”
e:\108065466_hw3\openglframework-vs2017\main.cpp(967): warning C4477: “printf”: 格式字符串“%d”需要类型“int”的参数，但可变参数 2 拥有了类型“unsigned __int64”
  e:\108065466_hw3\openglframework-vs2017\main.cpp(967): note: 请考虑在格式字符串中使用“%zd”
e:\108065466_hw3\openglframework-vs2017\main.cpp(1018): warning C4305: “=”: 从“double”到“GLfloat”截断
e:\108065466_hw3\openglframework-vs2017\main.cpp(1065): warning C4305: “参数”: 从“double”到“GLfloat”截断
  textfile.cpp
e:\108065466_hw3\openglframework-vs2017\textfile.cpp(23): warning C4267: “=”: 从“size_t”转换到“int”，可能丢失数据
  正在生成代码...
LINK : warning LNK4098: 默认库“MSVCRT”与其他库的使用冲突；请使用 /NODEFAULTLIB:library
  OpenGLFramework-VS2017.vcxproj -> E:\108065466_HW3\x64\Debug\OpenGLFramework-VS2017.exe
